<html>
<body>
<pre>
<h1>µVision Build Log</h1>
<h2>Tool Versions:</h2>
IDE-Version: µVision V5.29.0.0
Copyright (C) 2019 ARM Ltd and ARM Germany GmbH. All rights reserved.
License Information: Bedirhan Önder, Itu, LIC=----
 
Tool Versions:
Toolchain:       MDK-Lite  Version: 5.29.0.0
Toolchain Path:  D:\Kail\ARM\ARMCC\Bin
C Compiler:      Armcc.exe V5.06 update 6 (build 750)
Assembler:       Armasm.exe V5.06 update 6 (build 750)
Linker/Locator:  ArmLink.exe V5.06 update 6 (build 750)
Library Manager: ArmAr.exe V5.06 update 6 (build 750)
Hex Converter:   FromElf.exe V5.06 update 6 (build 750)
CPU DLL:         SARMCM3.DLL V5.29.0.0
Dialog DLL:      DARMCM1.DLL V1.19.2.0
Target DLL:      STLink\ST-LINKIII-KEIL_SWO.dll V3.0.7.0
Dialog DLL:      TARMCM1.DLL V1.14.1.0
 
<h2>Project:</h2>
D:\Github\rake-electronic-controller-2021\rake_motor_drivers\MDK-ARM\rake_motor_drivers.uvprojx
Project File Date:  12/19/2020

<h2>Output:</h2>
*** Using Compiler 'V5.06 update 6 (build 750)', folder: 'D:\Kail\ARM\ARMCC\Bin'
Rebuild target 'rake_motor_drivers'
assembling startup_stm32f051x8.s...
compiling rake_stm32_motor_lib.c...
D:\RAKE\rake_stm32_libraries\rake_stm32_motor_lib.h(46): error:  #20: identifier "htim3" is undefined
  				__HAL_TIM_SET_COMPARE(&htim3, motorForward_Pin, a);
D:\RAKE\rake_stm32_libraries\rake_stm32_motor_lib.h(58): error:  #20: identifier "htim3" is undefined
  				__HAL_TIM_SET_COMPARE(&htim3, motorBackward_Pin, a);
D:\RAKE\rake_stm32_libraries\rake_stm32_motor_lib.h(65): error:  #20: identifier "htim3" is undefined
  	__HAL_TIM_SET_COMPARE(&htim3, motorBackward_Pin, StructMotor.pwmValue_u16);
D:\RAKE\rake_stm32_libraries\rake_stm32_motor_lib.h(39): warning:  #550-D: variable "motorPin"  was set but never used
  	uint32_t motorPin;
D:\RAKE\rake_stm32_libraries\rake_stm32_motor_lib.c: 1 warning, 3 errors
compiling rake_stm32_encoder_lib.c...
compiling stm32f0xx_it.c...
compiling rake_stm32_extra_lib.c...
compiling rake_stm32_can_lib.c...
compiling stm32f0xx_hal_msp.c...
compiling main.c...
compiling rake_stm32_pid_lib.c...
D:\RAKE\rake_stm32_libraries\rake_stm32_motor_lib.h(46): error:  #20: identifier "htim3" is undefined
  				__HAL_TIM_SET_COMPARE(&htim3, motorForward_Pin, a);
D:\RAKE\rake_stm32_libraries\rake_stm32_motor_lib.h(58): error:  #20: identifier "htim3" is undefined
  				__HAL_TIM_SET_COMPARE(&htim3, motorBackward_Pin, a);
D:\RAKE\rake_stm32_libraries\rake_stm32_motor_lib.h(65): error:  #20: identifier "htim3" is undefined
  	__HAL_TIM_SET_COMPARE(&htim3, motorBackward_Pin, StructMotor.pwmValue_u16);
D:\RAKE\rake_stm32_libraries\rake_stm32_motor_lib.h(39): warning:  #550-D: variable "motorPin"  was set but never used
  	uint32_t motorPin;
D:\RAKE\rake_stm32_libraries\rake_stm32_uart_lib.h(103): warning:  #167-D: argument of type "unsigned char *" is incompatible with parameter of type "char *restrict"
  		StructUart.txBufferLen = sprintf(StructUart.txBuffer, "S%d%d%d%dCF",motorDirection, hun, ten, one);
D:\RAKE\rake_stm32_libraries\rake_stm32_pid_lib.c: 2 warnings, 3 errors
compiling rake_stm32_uart_lib.c...
D:\RAKE\rake_stm32_libraries\rake_stm32_motor_lib.h(46): error:  #20: identifier "htim3" is undefined
  				__HAL_TIM_SET_COMPARE(&htim3, motorForward_Pin, a);
D:\RAKE\rake_stm32_libraries\rake_stm32_motor_lib.h(58): error:  #20: identifier "htim3" is undefined
  				__HAL_TIM_SET_COMPARE(&htim3, motorBackward_Pin, a);
D:\RAKE\rake_stm32_libraries\rake_stm32_motor_lib.h(65): error:  #20: identifier "htim3" is undefined
  	__HAL_TIM_SET_COMPARE(&htim3, motorBackward_Pin, StructMotor.pwmValue_u16);
D:\RAKE\rake_stm32_libraries\rake_stm32_motor_lib.h(39): warning:  #550-D: variable "motorPin"  was set but never used
  	uint32_t motorPin;
D:\RAKE\rake_stm32_libraries\rake_stm32_uart_lib.h(103): warning:  #167-D: argument of type "unsigned char *" is incompatible with parameter of type "char *restrict"
  		StructUart.txBufferLen = sprintf(StructUart.txBuffer, "S%d%d%d%dCF",motorDirection, hun, ten, one);
D:\RAKE\rake_stm32_libraries\rake_stm32_uart_lib.c: 2 warnings, 3 errors
compiling rake_stm32_timer_lib.c...
compiling stm32f0xx_hal_uart_ex.c...
compiling stm32f0xx_hal_tim_ex.c...
compiling stm32f0xx_hal_uart.c...
compiling stm32f0xx_hal_rcc_ex.c...
compiling stm32f0xx_hal.c...
compiling stm32f0xx_hal_rcc.c...
compiling stm32f0xx_hal_tim.c...
compiling stm32f0xx_hal_i2c_ex.c...
compiling stm32f0xx_hal_gpio.c...
compiling stm32f0xx_hal_i2c.c...
compiling stm32f0xx_hal_dma.c...
compiling stm32f0xx_hal_pwr_ex.c...
compiling stm32f0xx_hal_pwr.c...
compiling stm32f0xx_hal_cortex.c...
compiling stm32f0xx_hal_flash.c...
compiling stm32f0xx_hal_flash_ex.c...
compiling system_stm32f0xx.c...
"rake_motor_drivers\rake_motor_drivers.axf" - 9 Error(s), 5 Warning(s).

<h2>Software Packages used:</h2>

Package Vendor: ARM
                http://www.keil.com/pack/ARM.CMSIS.5.6.0.pack
                ARM.CMSIS.5.6.0
                CMSIS (Cortex Microcontroller Software Interface Standard)
   * Component: CORE Version: 5.3.0

Package Vendor: Keil
                http://www.keil.com/pack/Keil.STM32F0xx_DFP.2.0.0.pack
                Keil.STM32F0xx_DFP.2.0.0
                STMicroelectronics STM32F0 Series Device Support, Drivers and Examples

<h2>Collection of Component include folders:</h2>
  .\RTE\_rake_motor_drivers
  D:\Kailpacks\ARM\CMSIS\5.6.0\CMSIS\Core\Include
  D:\Kailpacks\Keil\STM32F0xx_DFP\2.0.0\Drivers\CMSIS\Device\ST\STM32F0xx\Include

<h2>Collection of Component Files used:</h2>

   * Component: ARM::CMSIS:CORE:5.3.0
Target not created.
Build Time Elapsed:  00:00:04
</pre>
</body>
</html>
